<?xml version="1.0" encoding="UTF-8"?>
<!-- Generated by org.testng.reporters.JUnitXMLReporter -->
<testsuite hostname="asd" ignored="0" name="Test" tests="6" failures="0" timestamp="01 Feb 2020 06:27:54 GMT" time="49.143" errors="0">
  <testcase name="tc04" time="11.746" classname="com.testng.TestNgday3"/>
  <testcase name="tc05" time="17.609" classname="com.testng.TestNgday3"/>
  <testcase name="tc01" time="19.866" classname="com.testng.TestNgday3"/>
  <testcase name="tc06" time="25.889" classname="com.testng.TestNgday3"/>
  <testcase name="tc3" time="29.789" classname="com.testng.TestNgday3"/>
  <testcase name="tc02" time="39.752" classname="com.testng.TestNgday3"/>
</testsuite> <!-- Test -->
